2022-04-03 12:52:48.109  INFO 2136 --- [restartedMain] b.c.m.c.CadpessoasMarcioApplication      : Starting CadpessoasMarcioApplication using Java 17.0.2 on Roseno with PID 2136 (C:\Users\monit\Documents\MeusProjetos\pweb_2021.2_MarcioRoseno\U1_exercicio3\cadpessoas_marcio\cadpessoas_marcio\target\classes started by monit in C:\Users\monit\Documents\MeusProjetos\pweb_2021.2_MarcioRoseno\U1_exercicio3\cadpessoas_marcio)
2022-04-03 12:52:48.225  INFO 2136 --- [restartedMain] b.c.m.c.CadpessoasMarcioApplication      : No active profile set, falling back to 1 default profile: "default"
2022-04-03 12:52:50.245  INFO 2136 --- [restartedMain] .e.DevToolsPropertyDefaultsPostProcessor : Devtools property defaults active! Set 'spring.devtools.add-properties' to 'false' to disable
2022-04-03 12:52:50.545  INFO 2136 --- [restartedMain] .e.DevToolsPropertyDefaultsPostProcessor : For additional web related logging consider setting the 'logging.level.web' property to 'DEBUG'
2022-04-03 12:53:22.334  INFO 2136 --- [restartedMain] .s.d.r.c.RepositoryConfigurationDelegate : Bootstrapping Spring Data JPA repositories in DEFAULT mode.
2022-04-03 12:53:23.848  INFO 2136 --- [restartedMain] .s.d.r.c.RepositoryConfigurationDelegate : Finished Spring Data repository scanning in 750 ms. Found 0 JPA repository interfaces.
2022-04-03 12:53:46.900  INFO 2136 --- [restartedMain] o.s.b.w.embedded.tomcat.TomcatWebServer  : Tomcat initialized with port(s): 8080 (http)
2022-04-03 12:53:47.033  INFO 2136 --- [restartedMain] o.apache.catalina.core.StandardService   : Starting service [Tomcat]
2022-04-03 12:53:47.116  INFO 2136 --- [restartedMain] org.apache.catalina.core.StandardEngine  : Starting Servlet engine: [Apache Tomcat/9.0.58]
2022-04-03 12:53:48.571  INFO 2136 --- [restartedMain] o.a.c.c.C.[Tomcat].[localhost].[/]       : Initializing Spring embedded WebApplicationContext
2022-04-03 12:53:48.861  INFO 2136 --- [restartedMain] w.s.c.ServletWebServerApplicationContext : Root WebApplicationContext: initialization completed in 57990 ms
2022-04-03 12:53:50.561  INFO 2136 --- [restartedMain] com.zaxxer.hikari.HikariDataSource       : HikariPool-1 - Starting...
2022-04-03 12:53:53.688  INFO 2136 --- [restartedMain] com.zaxxer.hikari.HikariDataSource       : HikariPool-1 - Start completed.
2022-04-03 12:53:54.032  INFO 2136 --- [restartedMain] o.s.b.a.h2.H2ConsoleAutoConfiguration    : H2 console available at '/h2-console'. Database available at 'jdbc:h2:mem:cadpessoas'
2022-04-03 12:54:07.337  INFO 2136 --- [restartedMain] j.LocalContainerEntityManagerFactoryBean : Initialized JPA EntityManagerFactory for persistence unit 'default'
2022-04-03 12:54:10.660  INFO 2136 --- [restartedMain] o.s.b.a.w.s.WelcomePageHandlerMapping    : Adding welcome page template: index
2022-04-03 12:54:11.933  INFO 2136 --- [restartedMain] o.s.b.d.a.OptionalLiveReloadServer       : LiveReload server is running on port 35729
2022-04-03 12:54:12.683  INFO 2136 --- [restartedMain] o.s.b.w.embedded.tomcat.TomcatWebServer  : Tomcat started on port(s): 8080 (http) with context path ''
2022-04-03 12:54:12.764  INFO 2136 --- [restartedMain] b.c.m.c.CadpessoasMarcioApplication      : Started CadpessoasMarcioApplication in 91.537 seconds (JVM running for 98.368)
2022-04-03 12:55:18.594  INFO 2136 --- [http-nio-8080-exec-1] o.a.c.c.C.[Tomcat].[localhost].[/]       : Initializing Spring DispatcherServlet 'dispatcherServlet'
2022-04-03 12:55:18.606  INFO 2136 --- [http-nio-8080-exec-1] o.s.web.servlet.DispatcherServlet        : Initializing Servlet 'dispatcherServlet'
2022-04-03 12:55:18.650  INFO 2136 --- [http-nio-8080-exec-1] o.s.web.servlet.DispatcherServlet        : Completed initialization in 4 ms
